#######################################################################################
after load module ,plz source /public/software/apps/freesurfer_infant/freesurfer7.3.2/freesurfer/7.3.2-1/SetUpFreeSurfer.sh
#######################################################################################
-------- freesurfer-linux-centos7_x86_64-7.3.2-20220804-6354275 --------
Setting up environment for FreeSurfer/FS-FAST (and FSL)
FREESURFER_HOME   /public/software/apps/freesurfer_infant/freesurfer7.3.2/freesurfer/7.3.2-1
FSFAST_HOME       /public/software/apps/freesurfer_infant/freesurfer7.3.2/freesurfer/7.3.2-1/fsfast
FSF_OUTPUT_FORMAT nii.gz
SUBJECTS_DIR      /public/software/apps/freesurfer_infant/freesurfer7.3.2/freesurfer/7.3.2-1/subjects
MNI_DIR           /public/software/apps/freesurfer_infant/freesurfer7.3.2/freesurfer/7.3.2-1/mni
FSL_DIR           /public/software/apps/fsl6.0.6.5
Subject Dir: /public_bme2/bme-dgshen/caoshui2024/Test_Pipeline/subject
Found T1 image: /public_bme2/bme-dgshen/caoshui2024/Test_Pipeline/subject/T1_Gre_fsp3D_Sag_iso0.8mm_ACS_102223_501.nii
Found T2 Flair image: /public_bme2/bme-dgshen/caoshui2024/Test_Pipeline/subject/T2_mx3D_Flair_Sag_fs_iso0.8_ACS_101715_401.nii
Result Dir: /public_bme2/bme-dgshen/caoshui2024/Test_Pipeline/Result
Job started at: Wed Dec  3 10:52:34 CST 2025
正在复制 T1 图像...
‘/public_bme2/bme-dgshen/caoshui2024/Test_Pipeline/subject/T1_Gre_fsp3D_Sag_iso0.8mm_ACS_102223_501.nii’ -> ‘/public_bme2/bme-dgshen/caoshui2024/Test_Pipeline/Result/mri/t1.nii.gz’
正在复制 T2 FLAIR 图像 ...
‘/public_bme2/bme-dgshen/caoshui2024/Test_Pipeline/subject/T2_mx3D_Flair_Sag_fs_iso0.8_ACS_101715_401.nii’ -> ‘/public_bme2/bme-dgshen/caoshui2024/Test_Pipeline/Result/mri/t2_flair.nii.gz’
图像复制完成，保存至：/public_bme2/bme-dgshen/caoshui2024/Test_Pipeline/Result/mri
开始执行 t2flair 和 t1 改成 0.5mm...
T1 开始执行 mri_convert...
mri_convert: /public/software/compiler/gnu/10.1.0/7//lib64/libgomp.so.1: no version information available (required by mri_convert)
mri_convert: /public/software/compiler/gnu/10.1.0/7//lib64/libgomp.so.1: no version information available (required by mri_convert)
mri_convert /public_bme2/bme-dgshen/caoshui2024/Test_Pipeline/Result/mri/t1.nii.gz /public_bme2/bme-dgshen/caoshui2024/Test_Pipeline/Result/mri/T1_05.mgz -cs 0.5 
WARNING ==================++++++++++++++++++++++++=======================================
The physical sizes are (176.00 mm, 219.87 mm, 256.16 mm), which cannot fit in 256^3 mm^3 volume.
The resulting volume will have 513 slices.
If you find problems, please let us know (freesurfer@nmr.mgh.harvard.edu).
==================================================++++++++++++++++++++++++===============

reading from /public_bme2/bme-dgshen/caoshui2024/Test_Pipeline/Result/mri/t1.nii.gz...
INFO: This is an unsigined short.
TR=10.00, TE=0.00, TI=0.00, flip angle=0.00
i_ras = (0.999196, 0.030284, 0.026266)
j_ras = (-0.0302735, 0.999541, -0.000795725)
k_ras = (-0.0262781, -7.95188e-08, 0.999655)
changing data type from ushrt to uchar (noscale = 0)...
MRIchangeType: Building histogram 0 2423 1000, flo=0, fhi=0.999, dest_type=0
Reslicing using trilinear interpolation 
writing to /public_bme2/bme-dgshen/caoshui2024/Test_Pipeline/Result/mri/T1_05.mgz...
T2FLAIR 开始执行 mri_convert...
mri_convert: /public/software/compiler/gnu/10.1.0/7//lib64/libgomp.so.1: no version information available (required by mri_convert)
mri_convert: /public/software/compiler/gnu/10.1.0/7//lib64/libgomp.so.1: no version information available (required by mri_convert)
mri_convert /public_bme2/bme-dgshen/caoshui2024/Test_Pipeline/Result/mri/t2_flair.nii.gz /public_bme2/bme-dgshen/caoshui2024/Test_Pipeline/Result/mri/T2_05.mgz -cs 0.5 
WARNING ==================++++++++++++++++++++++++=======================================
The physical sizes are (176.00 mm, 219.87 mm, 256.16 mm), which cannot fit in 256^3 mm^3 volume.
The resulting volume will have 513 slices.
If you find problems, please let us know (freesurfer@nmr.mgh.harvard.edu).
==================================================++++++++++++++++++++++++===============

reading from /public_bme2/bme-dgshen/caoshui2024/Test_Pipeline/Result/mri/t2_flair.nii.gz...
INFO: This is an unsigined short.
TR=6500.00, TE=0.00, TI=0.00, flip angle=0.00
i_ras = (0.999196, 0.030284, 0.026266)
j_ras = (-0.0302735, 0.999541, -0.000795725)
k_ras = (-0.0262781, -7.95188e-08, 0.999655)
changing data type from ushrt to uchar (noscale = 0)...
MRIchangeType: Building histogram 0 3560 1000, flo=0, fhi=0.999, dest_type=0
Reslicing using trilinear interpolation 
writing to /public_bme2/bme-dgshen/caoshui2024/Test_Pipeline/Result/mri/T2_05.mgz...
mri_convert 成功完成！
完成执行 t2flair 和 t1 改成 0.5mm...
开始执行 t1 配准到 t2flair...
python: can't open file '/home_data/home/caoshui2024/MutiSurf_pipeline/BrainMLSR/BrainMLSR/Register.py': [Errno 2] No such file or directory
执行失败  t1 配准到 t2flair...
